<?xml version="1.0" encoding="UTF-8"?>
<!-- Generated by org.testng.reporters.JUnitReportReporter -->
<testsuite hostname="arijitpc" failures="0" tests="1" name="MyCompany.WebTesting.AppTest" time="7.003" errors="0" timestamp="2020-11-29T19:23:06 IST" skipped="0">
  <testcase classname="MyCompany.WebTesting.AppTest" name="sslCertControl" time="7.003"/>
  <system-out/>
</testsuite> <!-- MyCompany.WebTesting.AppTest -->
