<?xml version="1.0" encoding="UTF-8"?>
<!-- Generated by org.testng.reporters.JUnitReportReporter -->
<testsuite hostname="arijitpc" failures="0" tests="1" name="MyCompany.WebTesting.SSLTest" time="39.119" errors="0" timestamp="2020-11-30T00:18:21 IST" skipped="0">
  <testcase classname="MyCompany.WebTesting.SSLTest" name="sslCertControl" time="39.119"/>
  <system-out/>
</testsuite> <!-- MyCompany.WebTesting.SSLTest -->
